[debug] [2024-12-02T01:20:45.549Z] ----------------------------------------------------------------------
[debug] [2024-12-02T01:20:45.551Z] Command:       C:\Program Files\nodejs\node.exe C:\Users\54351\AppData\Roaming\npm\node_modules\firebase-tools\lib\bin\firebase.js deploy
[debug] [2024-12-02T01:20:45.552Z] CLI Version:   13.7.2
[debug] [2024-12-02T01:20:45.552Z] Platform:      win32
[debug] [2024-12-02T01:20:45.552Z] Node Version:  v18.13.0
[debug] [2024-12-02T01:20:45.553Z] Time:          Sun Dec 01 2024 22:20:45 GMT-0300 (Argentina Standard Time)
[debug] [2024-12-02T01:20:45.553Z] ----------------------------------------------------------------------
[debug] 
[debug] [2024-12-02T01:20:45.556Z] >>> [apiv2][query] GET https://firebase-public.firebaseio.com/cli.json [none]
[debug] [2024-12-02T01:20:45.670Z] > command requires scopes: ["email","openid","https://www.googleapis.com/auth/cloudplatformprojects.readonly","https://www.googleapis.com/auth/firebase","https://www.googleapis.com/auth/cloud-platform"]
[debug] [2024-12-02T01:20:45.670Z] > authorizing via signed-in user (cotirassi@gmail.com)
[debug] [2024-12-02T01:20:45.671Z] [iam] checking project portfolio-rassi for permissions ["firebase.projects.get","firebasehosting.sites.update"]
[debug] [2024-12-02T01:20:45.672Z] > refreshing access token with scopes: []
[debug] [2024-12-02T01:20:45.673Z] >>> [apiv2][query] POST https://www.googleapis.com/oauth2/v3/token [none]
[debug] [2024-12-02T01:20:45.673Z] >>> [apiv2][body] POST https://www.googleapis.com/oauth2/v3/token [omitted]
[debug] [2024-12-02T01:20:45.838Z] <<< [apiv2][status] POST https://www.googleapis.com/oauth2/v3/token 400
[debug] [2024-12-02T01:20:45.838Z] <<< [apiv2][body] POST https://www.googleapis.com/oauth2/v3/token [omitted]
[debug] [2024-12-02T01:20:45.839Z] >>> [apiv2][query] POST https://cloudresourcemanager.googleapis.com/v1/projects/portfolio-rassi:testIamPermissions [none]
[debug] [2024-12-02T01:20:45.839Z] >>> [apiv2][(partial)header] POST https://cloudresourcemanager.googleapis.com/v1/projects/portfolio-rassi:testIamPermissions x-goog-quota-user=projects/portfolio-rassi
[debug] [2024-12-02T01:20:45.839Z] >>> [apiv2][body] POST https://cloudresourcemanager.googleapis.com/v1/projects/portfolio-rassi:testIamPermissions {"permissions":["firebase.projects.get","firebasehosting.sites.update"]}
[debug] [2024-12-02T01:20:46.063Z] <<< [apiv2][status] GET https://firebase-public.firebaseio.com/cli.json 200
[debug] [2024-12-02T01:20:46.063Z] <<< [apiv2][body] GET https://firebase-public.firebaseio.com/cli.json {"cloudBuildErrorAfter":1594252800000,"cloudBuildWarnAfter":1590019200000,"defaultNode10After":1594252800000,"minVersion":"3.0.5","node8DeploysDisabledAfter":1613390400000,"node8RuntimeDisabledAfter":1615809600000,"node8WarnAfter":1600128000000}
[debug] [2024-12-02T01:20:46.686Z] <<< [apiv2][status] POST https://cloudresourcemanager.googleapis.com/v1/projects/portfolio-rassi:testIamPermissions 401
[debug] [2024-12-02T01:20:46.686Z] <<< [apiv2][body] POST https://cloudresourcemanager.googleapis.com/v1/projects/portfolio-rassi:testIamPermissions {"error":{"code":401,"message":"Request had invalid authentication credentials. Expected OAuth 2 access token, login cookie or other valid authentication credential. See https://developers.google.com/identity/sign-in/web/devconsole-project.","status":"UNAUTHENTICATED","details":[{"@type":"type.googleapis.com/google.rpc.ErrorInfo","reason":"ACCESS_TOKEN_TYPE_UNSUPPORTED","metadata":{"method":"google.cloudresourcemanager.v1.Projects.TestIamPermissions","service":"cloudresourcemanager.googleapis.com"}}]}}
[debug] [2024-12-02T01:20:46.687Z] [iam] error while checking permissions, command may fail: FirebaseError: HTTP Error: 401, Request had invalid authentication credentials. Expected OAuth 2 access token, login cookie or other valid authentication credential. See https://developers.google.com/identity/sign-in/web/devconsole-project.
[debug] [2024-12-02T01:20:46.688Z] > refreshing access token with scopes: []
[debug] [2024-12-02T01:20:46.688Z] >>> [apiv2][query] POST https://www.googleapis.com/oauth2/v3/token [none]
[debug] [2024-12-02T01:20:46.688Z] >>> [apiv2][body] POST https://www.googleapis.com/oauth2/v3/token [omitted]
[debug] [2024-12-02T01:20:46.799Z] <<< [apiv2][status] POST https://www.googleapis.com/oauth2/v3/token 400
[debug] [2024-12-02T01:20:46.799Z] <<< [apiv2][body] POST https://www.googleapis.com/oauth2/v3/token [omitted]
[debug] [2024-12-02T01:20:46.800Z] >>> [apiv2][query] GET https://firebase.googleapis.com/v1beta1/projects/portfolio-rassi [none]
[debug] [2024-12-02T01:20:46.923Z] <<< [apiv2][status] GET https://firebase.googleapis.com/v1beta1/projects/portfolio-rassi 401
[debug] [2024-12-02T01:20:46.923Z] <<< [apiv2][body] GET https://firebase.googleapis.com/v1beta1/projects/portfolio-rassi {"error":{"code":401,"message":"Request had invalid authentication credentials. Expected OAuth 2 access token, login cookie or other valid authentication credential. See https://developers.google.com/identity/sign-in/web/devconsole-project.","status":"UNAUTHENTICATED"}}
[debug] [2024-12-02T01:20:46.923Z] HTTP Error: 401, Request had invalid authentication credentials. Expected OAuth 2 access token, login cookie or other valid authentication credential. See https://developers.google.com/identity/sign-in/web/devconsole-project.
[error] 
[error] Error: Assertion failed: resolving hosting target of a site with no site name or target name. This should have caused an error earlier
